# JRE version: OpenJDK Runtime Environment (11.0.15) (build 11.0.15+0-b2043.56-9505619)
# Java VM: OpenJDK 64-Bit Server VM (11.0.15+0-b2043.56-9505619, mixed mode, tiered, compressed oops, g1 gc, windows-amd64)
Heap:
 garbage-first heap   total 270336K, used 157804K [0x00000000a0000000, 0x0000000100000000)
  region size 1024K, 27 young (27648K), 10 survivors (10240K)
 Metaspace       used 116765K, capacity 120020K, committed 120220K, reserved 1155072K
  class space    used 14218K, capacity 15378K, committed 15384K, reserved 1048576K
GC Heap History (20 events):
Event: 23.315 GC heap before
{Heap before GC invocations=47 (full 0):
 garbage-first heap   total 225280K, used 129715K [0x00000000a0000000, 0x0000000100000000)
  region size 1024K, 11 young (11264K), 1 survivors (1024K)
 Metaspace       used 103514K, capacity 106418K, committed 106524K, reserved 1142784K
  class space    used 12859K, capacity 13901K, committed 13976K, reserved 1048576K
}
Event: 23.320 GC heap after
{Heap after GC invocations=48 (full 0):
 garbage-first heap   total 225280K, used 117696K [0x00000000a0000000, 0x0000000100000000)
  region size 1024K, 2 young (2048K), 2 survivors (2048K)
 Metaspace       used 103514K, capacity 106418K, committed 106524K, reserved 1142784K
  class space    used 12859K, capacity 13901K, committed 13976K, reserved 1048576K
}
Event: 23.733 GC heap before
{Heap before GC invocations=48 (full 0):
 garbage-first heap   total 225280K, used 164800K [0x00000000a0000000, 0x0000000100000000)
  region size 1024K, 49 young (50176K), 2 survivors (2048K)
 Metaspace       used 103793K, capacity 106661K, committed 106780K, reserved 1142784K
  class space    used 12864K, capacity 13904K, committed 13976K, reserved 1048576K
}
Event: 23.741 GC heap after
{Heap after GC invocations=49 (full 0):
 garbage-first heap   total 225280K, used 119341K [0x00000000a0000000, 0x0000000100000000)
  region size 1024K, 4 young (4096K), 4 survivors (4096K)
 Metaspace       used 103793K, capacity 106661K, committed 106780K, reserved 1142784K
  class space    used 12864K, capacity 13904K, committed 13976K, reserved 1048576K
}
Event: 24.349 GC heap before
{Heap before GC invocations=50 (full 0):
 garbage-first heap   total 225280K, used 166445K [0x00000000a0000000, 0x0000000100000000)
  region size 1024K, 53 young (54272K), 4 survivors (4096K)
 Metaspace       used 105084K, capacity 108009K, committed 108316K, reserved 1142784K
  class space    used 13014K, capacity 14093K, committed 14232K, reserved 1048576K
}
Event: 24.358 GC heap after
{Heap after GC invocations=51 (full 0):
 garbage-first heap   total 225280K, used 121782K [0x00000000a0000000, 0x0000000100000000)
  region size 1024K, 7 young (7168K), 7 survivors (7168K)
 Metaspace       used 105084K, capacity 108009K, committed 108316K, reserved 1142784K
  class space    used 13014K, capacity 14093K, committed 14232K, reserved 1048576K
}
Event: 24.381 GC heap before
{Heap before GC invocations=51 (full 0):
 garbage-first heap   total 225280K, used 124854K [0x00000000a0000000, 0x0000000100000000)
  region size 1024K, 11 young (11264K), 7 survivors (7168K)
 Metaspace       used 105099K, capacity 108014K, committed 108316K, reserved 1142784K
  class space    used 13014K, capacity 14093K, committed 14232K, reserved 1048576K
}
Event: 24.389 GC heap after
{Heap after GC invocations=52 (full 0):
 garbage-first heap   total 270336K, used 111018K [0x00000000a0000000, 0x0000000100000000)
  region size 1024K, 1 young (1024K), 1 survivors (1024K)
 Metaspace       used 105099K, capacity 108014K, committed 108316K, reserved 1142784K
  class space    used 13014K, capacity 14093K, committed 14232K, reserved 1048576K
}
Event: 25.074 GC heap before
{Heap before GC invocations=52 (full 0):
 garbage-first heap   total 270336K, used 189866K [0x00000000a0000000, 0x0000000100000000)
  region size 1024K, 79 young (80896K), 1 survivors (1024K)
 Metaspace       used 106026K, capacity 108980K, committed 109084K, reserved 1144832K
  class space    used 13122K, capacity 14179K, committed 14232K, reserved 1048576K
}
Event: 25.088 GC heap after
{Heap after GC invocations=53 (full 0):
 garbage-first heap   total 270336K, used 115013K [0x00000000a0000000, 0x0000000100000000)
  region size 1024K, 5 young (5120K), 5 survivors (5120K)
 Metaspace       used 106026K, capacity 108980K, committed 109084K, reserved 1144832K
  class space    used 13122K, capacity 14179K, committed 14232K, reserved 1048576K
}
Event: 25.840 GC heap before
{Heap before GC invocations=53 (full 0):
 garbage-first heap   total 270336K, used 196933K [0x00000000a0000000, 0x0000000100000000)
  region size 1024K, 86 young (88064K), 5 survivors (5120K)
 Metaspace       used 107732K, capacity 110686K, committed 110876K, reserved 1146880K
  class space    used 13347K, capacity 14405K, committed 14488K, reserved 1048576K
}
Event: 25.854 GC heap after
{Heap after GC invocations=54 (full 0):
 garbage-first heap   total 270336K, used 118066K [0x00000000a0000000, 0x0000000100000000)
  region size 1024K, 8 young (8192K), 8 survivors (8192K)
 Metaspace       used 107732K, capacity 110686K, committed 110876K, reserved 1146880K
  class space    used 13347K, capacity 14405K, committed 14488K, reserved 1048576K
}
Event: 29.762 GC heap before
{Heap before GC invocations=54 (full 0):
 garbage-first heap   total 270336K, used 201010K [0x00000000a0000000, 0x0000000100000000)
  region size 1024K, 90 young (92160K), 8 survivors (8192K)
 Metaspace       used 109845K, capacity 112760K, committed 112924K, reserved 1146880K
  class space    used 13578K, capacity 14647K, committed 14744K, reserved 1048576K
}
Event: 29.778 GC heap after
{Heap after GC invocations=55 (full 0):
 garbage-first heap   total 270336K, used 125411K [0x00000000a0000000, 0x0000000100000000)
  region size 1024K, 11 young (11264K), 11 survivors (11264K)
 Metaspace       used 109845K, capacity 112760K, committed 112924K, reserved 1146880K
  class space    used 13578K, capacity 14647K, committed 14744K, reserved 1048576K
}
Event: 31.126 GC heap before
{Heap before GC invocations=55 (full 0):
 garbage-first heap   total 270336K, used 206307K [0x00000000a0000000, 0x0000000100000000)
  region size 1024K, 91 young (93184K), 11 survivors (11264K)
 Metaspace       used 111300K, capacity 114444K, committed 114716K, reserved 1148928K
  class space    used 13730K, capacity 14859K, committed 15000K, reserved 1048576K
}
Event: 31.137 GC heap after
{Heap after GC invocations=56 (full 0):
 garbage-first heap   total 270336K, used 126721K [0x00000000a0000000, 0x0000000100000000)
  region size 1024K, 5 young (5120K), 5 survivors (5120K)
 Metaspace       used 111300K, capacity 114444K, committed 114716K, reserved 1148928K
  class space    used 13730K, capacity 14859K, committed 15000K, reserved 1048576K
}
Event: 69.267 GC heap before
{Heap before GC invocations=56 (full 0):
 garbage-first heap   total 270336K, used 235265K [0x00000000a0000000, 0x0000000100000000)
  region size 1024K, 88 young (90112K), 5 survivors (5120K)
 Metaspace       used 116531K, capacity 119759K, committed 119964K, reserved 1155072K
  class space    used 14206K, capacity 15365K, committed 15384K, reserved 1048576K
}
Event: 69.283 GC heap after
{Heap after GC invocations=57 (full 0):
 garbage-first heap   total 270336K, used 132879K [0x00000000a0000000, 0x0000000100000000)
  region size 1024K, 11 young (11264K), 11 survivors (11264K)
 Metaspace       used 116531K, capacity 119759K, committed 119964K, reserved 1155072K
  class space    used 14206K, capacity 15365K, committed 15384K, reserved 1048576K
}
Event: 72.034 GC heap before
{Heap before GC invocations=57 (full 0):
 garbage-first heap   total 270336K, used 214799K [0x00000000a0000000, 0x0000000100000000)
  region size 1024K, 92 young (94208K), 11 survivors (11264K)
 Metaspace       used 116728K, capacity 120010K, committed 120220K, reserved 1155072K
  class space    used 14217K, capacity 15376K, committed 15384K, reserved 1048576K
}
Event: 72.058 GC heap after
{Heap after GC invocations=58 (full 0):
 garbage-first heap   total 270336K, used 142444K [0x00000000a0000000, 0x0000000100000000)
  region size 1024K, 10 young (10240K), 10 survivors (10240K)
 Metaspace       used 116728K, capacity 120010K, committed 120220K, reserved 1155072K
  class space    used 14217K, capacity 15376K, committed 15384K, reserved 1048576K
}

