# JRE version: OpenJDK Runtime Environment (11.0.15) (build 11.0.15+0-b2043.56-9505619)
# Java VM: OpenJDK 64-Bit Server VM (11.0.15+0-b2043.56-9505619, mixed mode, tiered, compressed oops, g1 gc, windows-amd64)
Heap:
 garbage-first heap   total 129024K, used 43291K [0x00000000a0000000, 0x0000000100000000)
  region size 1024K, 28 young (28672K), 2 survivors (2048K)
 Metaspace       used 23331K, capacity 23821K, committed 24112K, reserved 1071104K
  class space    used 2940K, capacity 3141K, committed 3200K, reserved 1048576K
GC Heap History (6 events):
Event: 1.917 GC heap before
{Heap before GC invocations=0 (full 0):
 garbage-first heap   total 129024K, used 30720K [0x00000000a0000000, 0x0000000100000000)
  region size 1024K, 24 young (24576K), 0 survivors (0K)
 Metaspace       used 9792K, capacity 9960K, committed 10112K, reserved 1058816K
  class space    used 991K, capacity 1069K, committed 1152K, reserved 1048576K
}
Event: 2.014 GC heap after
{Heap after GC invocations=1 (full 0):
 garbage-first heap   total 129024K, used 9873K [0x00000000a0000000, 0x0000000100000000)
  region size 1024K, 3 young (3072K), 3 survivors (3072K)
 Metaspace       used 9792K, capacity 9960K, committed 10112K, reserved 1058816K
  class space    used 991K, capacity 1069K, committed 1152K, reserved 1048576K
}
Event: 6.769 GC heap before
{Heap before GC invocations=1 (full 0):
 garbage-first heap   total 129024K, used 84625K [0x00000000a0000000, 0x0000000100000000)
  region size 1024K, 75 young (76800K), 3 survivors (3072K)
 Metaspace       used 17892K, capacity 18263K, committed 18432K, reserved 1064960K
  class space    used 2083K, capacity 2241K, committed 2304K, reserved 1048576K
}
Event: 6.797 GC heap after
{Heap after GC invocations=2 (full 0):
 garbage-first heap   total 129024K, used 16545K [0x00000000a0000000, 0x0000000100000000)
  region size 1024K, 10 young (10240K), 10 survivors (10240K)
 Metaspace       used 17892K, capacity 18263K, committed 18432K, reserved 1064960K
  class space    used 2083K, capacity 2241K, committed 2304K, reserved 1048576K
}
Event: 7.654 GC heap before
{Heap before GC invocations=2 (full 0):
 garbage-first heap   total 129024K, used 42145K [0x00000000a0000000, 0x0000000100000000)
  region size 1024K, 36 young (36864K), 10 survivors (10240K)
 Metaspace       used 20830K, capacity 21185K, committed 21296K, reserved 1069056K
  class space    used 2522K, capacity 2683K, committed 2688K, reserved 1048576K
}
Event: 7.665 GC heap after
{Heap after GC invocations=3 (full 0):
 garbage-first heap   total 129024K, used 17691K [0x00000000a0000000, 0x0000000100000000)
  region size 1024K, 2 young (2048K), 2 survivors (2048K)
 Metaspace       used 20830K, capacity 21185K, committed 21296K, reserved 1069056K
  class space    used 2522K, capacity 2683K, committed 2688K, reserved 1048576K
}

