# JRE version: OpenJDK Runtime Environment (11.0.15) (build 11.0.15+0-b2043.56-9505619)
# Java VM: OpenJDK 64-Bit Server VM (11.0.15+0-b2043.56-9505619, mixed mode, tiered, compressed oops, g1 gc, windows-amd64)
Heap:
 garbage-first heap   total 270336K, used 126866K [0x00000000a0000000, 0x0000000100000000)
  region size 1024K, 1 young (1024K), 1 survivors (1024K)
 Metaspace       used 104539K, capacity 107780K, committed 110108K, reserved 1144832K
  class space    used 13426K, capacity 14679K, committed 15768K, reserved 1048576K
GC Heap History (20 events):
Event: 18.545 GC heap after
{Heap after GC invocations=38 (full 0):
 garbage-first heap   total 225280K, used 128189K [0x00000000a0000000, 0x0000000100000000)
  region size 1024K, 3 young (3072K), 3 survivors (3072K)
 Metaspace       used 101821K, capacity 105910K, committed 106268K, reserved 1140736K
  class space    used 13695K, capacity 15403K, committed 15512K, reserved 1048576K
}
Event: 18.877 GC heap before
{Heap before GC invocations=39 (full 0):
 garbage-first heap   total 225280K, used 176317K [0x00000000a0000000, 0x0000000100000000)
  region size 1024K, 50 young (51200K), 3 survivors (3072K)
 Metaspace       used 101631K, capacity 105210K, committed 106908K, reserved 1140736K
  class space    used 13464K, capacity 14931K, committed 15640K, reserved 1048576K
}
Event: 18.882 GC heap after
{Heap after GC invocations=40 (full 0):
 garbage-first heap   total 225280K, used 128871K [0x00000000a0000000, 0x0000000100000000)
  region size 1024K, 4 young (4096K), 4 survivors (4096K)
 Metaspace       used 101631K, capacity 105210K, committed 106908K, reserved 1140736K
  class space    used 13464K, capacity 14931K, committed 15640K, reserved 1048576K
}
Event: 19.121 GC heap before
{Heap before GC invocations=40 (full 0):
 garbage-first heap   total 225280K, used 178023K [0x00000000a0000000, 0x0000000100000000)
  region size 1024K, 53 young (54272K), 4 survivors (4096K)
 Metaspace       used 103323K, capacity 107027K, committed 108316K, reserved 1142784K
  class space    used 13669K, capacity 15205K, committed 15768K, reserved 1048576K
}
Event: 19.128 GC heap after
{Heap after GC invocations=41 (full 0):
 garbage-first heap   total 225280K, used 130198K [0x00000000a0000000, 0x0000000100000000)
  region size 1024K, 5 young (5120K), 5 survivors (5120K)
 Metaspace       used 103323K, capacity 107027K, committed 108316K, reserved 1142784K
  class space    used 13669K, capacity 15205K, committed 15768K, reserved 1048576K
}
Event: 19.503 GC heap before
{Heap before GC invocations=42 (full 0):
 garbage-first heap   total 225280K, used 180374K [0x00000000a0000000, 0x0000000100000000)
  region size 1024K, 56 young (57344K), 5 survivors (5120K)
 Metaspace       used 103187K, capacity 106603K, committed 108828K, reserved 1142784K
  class space    used 13453K, capacity 14755K, committed 15768K, reserved 1048576K
}
Event: 19.517 GC heap after
{Heap after GC invocations=43 (full 0):
 garbage-first heap   total 225280K, used 133425K [0x00000000a0000000, 0x0000000100000000)
  region size 1024K, 7 young (7168K), 7 survivors (7168K)
 Metaspace       used 103187K, capacity 106603K, committed 108828K, reserved 1142784K
  class space    used 13453K, capacity 14755K, committed 15768K, reserved 1048576K
}
Event: 19.974 GC heap before
{Heap before GC invocations=44 (full 0):
 garbage-first heap   total 225280K, used 185649K [0x00000000a0000000, 0x0000000100000000)
  region size 1024K, 57 young (58368K), 7 survivors (7168K)
 Metaspace       used 103758K, capacity 107234K, committed 109340K, reserved 1142784K
  class space    used 13485K, capacity 14825K, committed 15768K, reserved 1048576K
}
Event: 19.979 GC heap after
{Heap after GC invocations=45 (full 0):
 garbage-first heap   total 225280K, used 129822K [0x00000000a0000000, 0x0000000100000000)
  region size 1024K, 2 young (2048K), 2 survivors (2048K)
 Metaspace       used 103758K, capacity 107234K, committed 109340K, reserved 1142784K
  class space    used 13485K, capacity 14825K, committed 15768K, reserved 1048576K
}
Event: 20.202 GC heap before
{Heap before GC invocations=45 (full 0):
 garbage-first heap   total 225280K, used 184094K [0x00000000a0000000, 0x0000000100000000)
  region size 1024K, 56 young (57344K), 2 survivors (2048K)
 Metaspace       used 103852K, capacity 107325K, committed 109340K, reserved 1142784K
  class space    used 13497K, capacity 14834K, committed 15768K, reserved 1048576K
}
Event: 20.210 GC heap after
{Heap after GC invocations=46 (full 0):
 garbage-first heap   total 225280K, used 132250K [0x00000000a0000000, 0x0000000100000000)
  region size 1024K, 4 young (4096K), 4 survivors (4096K)
 Metaspace       used 103852K, capacity 107325K, committed 109340K, reserved 1142784K
  class space    used 13497K, capacity 14834K, committed 15768K, reserved 1048576K
}
Event: 20.522 GC heap before
{Heap before GC invocations=47 (full 0):
 garbage-first heap   total 225280K, used 185498K [0x00000000a0000000, 0x0000000100000000)
  region size 1024K, 58 young (59392K), 4 survivors (4096K)
 Metaspace       used 103634K, capacity 106844K, committed 109596K, reserved 1142784K
  class space    used 13353K, capacity 14580K, committed 15768K, reserved 1048576K
}
Event: 20.528 GC heap after
{Heap after GC invocations=48 (full 0):
 garbage-first heap   total 225280K, used 133980K [0x00000000a0000000, 0x0000000100000000)
  region size 1024K, 7 young (7168K), 7 survivors (7168K)
 Metaspace       used 103634K, capacity 106844K, committed 109596K, reserved 1142784K
  class space    used 13353K, capacity 14580K, committed 15768K, reserved 1048576K
}
Event: 20.537 GC heap before
{Heap before GC invocations=48 (full 0):
 garbage-first heap   total 225280K, used 137052K [0x00000000a0000000, 0x0000000100000000)
  region size 1024K, 11 young (11264K), 7 survivors (7168K)
 Metaspace       used 103637K, capacity 106844K, committed 109596K, reserved 1142784K
  class space    used 13353K, capacity 14580K, committed 15768K, reserved 1048576K
}
Event: 20.544 GC heap after
{Heap after GC invocations=49 (full 0):
 garbage-first heap   total 225280K, used 127709K [0x00000000a0000000, 0x0000000100000000)
  region size 1024K, 2 young (2048K), 2 survivors (2048K)
 Metaspace       used 103637K, capacity 106844K, committed 109596K, reserved 1142784K
  class space    used 13353K, capacity 14580K, committed 15768K, reserved 1048576K
}
Event: 20.679 GC heap before
{Heap before GC invocations=49 (full 0):
 garbage-first heap   total 225280K, used 185053K [0x00000000a0000000, 0x0000000100000000)
  region size 1024K, 59 young (60416K), 2 survivors (2048K)
 Metaspace       used 103910K, capacity 107111K, committed 109852K, reserved 1142784K
  class space    used 13355K, capacity 14584K, committed 15768K, reserved 1048576K
}
Event: 20.684 GC heap after
{Heap after GC invocations=50 (full 0):
 garbage-first heap   total 225280K, used 128853K [0x00000000a0000000, 0x0000000100000000)
  region size 1024K, 3 young (3072K), 3 survivors (3072K)
 Metaspace       used 103910K, capacity 107111K, committed 109852K, reserved 1142784K
  class space    used 13355K, capacity 14584K, committed 15768K, reserved 1048576K
}
Event: 21.274 GC heap before
{Heap before GC invocations=51 (full 0):
 garbage-first heap   total 225280K, used 187221K [0x00000000a0000000, 0x0000000100000000)
  region size 1024K, 62 young (63488K), 3 survivors (3072K)
 Metaspace       used 104405K, capacity 107563K, committed 110108K, reserved 1144832K
  class space    used 13409K, capacity 14631K, committed 15768K, reserved 1048576K
}
Event: 21.278 GC heap after
{Heap after GC invocations=52 (full 0):
 garbage-first heap   total 225280K, used 127458K [0x00000000a0000000, 0x0000000100000000)
  region size 1024K, 2 young (2048K), 2 survivors (2048K)
 Metaspace       used 104405K, capacity 107563K, committed 110108K, reserved 1144832K
  class space    used 13409K, capacity 14631K, committed 15768K, reserved 1048576K
}
Event: 21.350 GC heap before
{Heap before GC invocations=52 (full 0):
 garbage-first heap   total 225280K, used 135650K [0x00000000a0000000, 0x0000000100000000)
  region size 1024K, 11 young (11264K), 2 survivors (2048K)
 Metaspace       used 104539K, capacity 107780K, committed 110108K, reserved 1144832K
  class space    used 13426K, capacity 14679K, committed 15768K, reserved 1048576K
}

