# JRE version: OpenJDK Runtime Environment (11.0.15) (build 11.0.15+0-b2043.56-9505619)
# Java VM: OpenJDK 64-Bit Server VM (11.0.15+0-b2043.56-9505619, mixed mode, tiered, compressed oops, g1 gc, windows-amd64)
Heap:
 garbage-first heap   total 301056K, used 147492K [0x00000000a0000000, 0x0000000100000000)
  region size 1024K, 3 young (3072K), 3 survivors (3072K)
 Metaspace       used 113289K, capacity 116990K, committed 117372K, reserved 1150976K
  class space    used 14577K, capacity 16020K, committed 16152K, reserved 1048576K
GC Heap History (20 events):
Event: 40.128 GC heap after
{Heap after GC invocations=77 (full 0):
 garbage-first heap   total 155648K, used 143908K [0x00000000a0000000, 0x0000000100000000)
  region size 1024K, 1 young (1024K), 1 survivors (1024K)
 Metaspace       used 104188K, capacity 107131K, committed 107388K, reserved 1142784K
  class space    used 13194K, capacity 14280K, committed 14360K, reserved 1048576K
}
Event: 40.299 GC heap before
{Heap before GC invocations=77 (full 0):
 garbage-first heap   total 155648K, used 150052K [0x00000000a0000000, 0x0000000100000000)
  region size 1024K, 7 young (7168K), 1 survivors (1024K)
 Metaspace       used 104327K, capacity 107201K, committed 107388K, reserved 1142784K
  class space    used 13204K, capacity 14282K, committed 14360K, reserved 1048576K
}
Event: 40.304 GC heap after
{Heap after GC invocations=78 (full 0):
 garbage-first heap   total 155648K, used 145779K [0x00000000a0000000, 0x0000000100000000)
  region size 1024K, 1 young (1024K), 1 survivors (1024K)
 Metaspace       used 104327K, capacity 107201K, committed 107388K, reserved 1142784K
  class space    used 13204K, capacity 14282K, committed 14360K, reserved 1048576K
}
Event: 40.478 GC heap before
{Heap before GC invocations=78 (full 0):
 garbage-first heap   total 155648K, used 150899K [0x00000000a0000000, 0x0000000100000000)
  region size 1024K, 7 young (7168K), 1 survivors (1024K)
 Metaspace       used 104369K, capacity 107260K, committed 107388K, reserved 1142784K
  class space    used 13211K, capacity 14323K, committed 14360K, reserved 1048576K
}
Event: 40.482 GC heap after
{Heap after GC invocations=79 (full 0):
 garbage-first heap   total 187392K, used 147651K [0x00000000a0000000, 0x0000000100000000)
  region size 1024K, 1 young (1024K), 1 survivors (1024K)
 Metaspace       used 104369K, capacity 107260K, committed 107388K, reserved 1142784K
  class space    used 13211K, capacity 14323K, committed 14360K, reserved 1048576K
}
Event: 40.647 GC heap before
{Heap before GC invocations=79 (full 0):
 garbage-first heap   total 187392K, used 155843K [0x00000000a0000000, 0x0000000100000000)
  region size 1024K, 10 young (10240K), 1 survivors (1024K)
 Metaspace       used 104419K, capacity 107336K, committed 107388K, reserved 1142784K
  class space    used 13216K, capacity 14326K, committed 14360K, reserved 1048576K
}
Event: 40.651 GC heap after
{Heap after GC invocations=80 (full 0):
 garbage-first heap   total 187392K, used 148228K [0x00000000a0000000, 0x0000000100000000)
  region size 1024K, 2 young (2048K), 2 survivors (2048K)
 Metaspace       used 104419K, capacity 107336K, committed 107388K, reserved 1142784K
  class space    used 13216K, capacity 14326K, committed 14360K, reserved 1048576K
}
Event: 40.854 GC heap before
{Heap before GC invocations=81 (full 0):
 garbage-first heap   total 187392K, used 160516K [0x00000000a0000000, 0x0000000100000000)
  region size 1024K, 11 young (11264K), 2 survivors (2048K)
 Metaspace       used 105053K, capacity 108014K, committed 108284K, reserved 1142784K
  class space    used 13300K, capacity 14415K, committed 14488K, reserved 1048576K
}
Event: 40.858 GC heap after
{Heap after GC invocations=82 (full 0):
 garbage-first heap   total 187392K, used 149242K [0x00000000a0000000, 0x0000000100000000)
  region size 1024K, 2 young (2048K), 2 survivors (2048K)
 Metaspace       used 105053K, capacity 108014K, committed 108284K, reserved 1142784K
  class space    used 13300K, capacity 14415K, committed 14488K, reserved 1048576K
}
Event: 40.897 GC heap before
{Heap before GC invocations=82 (full 0):
 garbage-first heap   total 187392K, used 156410K [0x00000000a0000000, 0x0000000100000000)
  region size 1024K, 9 young (9216K), 2 survivors (2048K)
 Metaspace       used 105251K, capacity 108263K, committed 108412K, reserved 1142784K
  class space    used 13327K, capacity 14475K, committed 14616K, reserved 1048576K
}
Event: 40.903 GC heap after
{Heap after GC invocations=83 (full 0):
 garbage-first heap   total 187392K, used 144277K [0x00000000a0000000, 0x0000000100000000)
  region size 1024K, 2 young (2048K), 2 survivors (2048K)
 Metaspace       used 105251K, capacity 108263K, committed 108412K, reserved 1142784K
  class space    used 13327K, capacity 14475K, committed 14616K, reserved 1048576K
}
Event: 40.967 GC heap before
{Heap before GC invocations=83 (full 0):
 garbage-first heap   total 187392K, used 154517K [0x00000000a0000000, 0x0000000100000000)
  region size 1024K, 13 young (13312K), 2 survivors (2048K)
 Metaspace       used 105618K, capacity 108665K, committed 108924K, reserved 1144832K
  class space    used 13376K, capacity 14523K, committed 14616K, reserved 1048576K
}
Event: 40.973 GC heap after
{Heap after GC invocations=84 (full 0):
 garbage-first heap   total 225280K, used 145338K [0x00000000a0000000, 0x0000000100000000)
  region size 1024K, 2 young (2048K), 2 survivors (2048K)
 Metaspace       used 105618K, capacity 108665K, committed 108924K, reserved 1144832K
  class space    used 13376K, capacity 14523K, committed 14616K, reserved 1048576K
}
Event: 41.302 GC heap before
{Heap before GC invocations=85 (full 0):
 garbage-first heap   total 225280K, used 169914K [0x00000000a0000000, 0x0000000100000000)
  region size 1024K, 27 young (27648K), 2 survivors (2048K)
 Metaspace       used 106556K, capacity 109601K, committed 109820K, reserved 1144832K
  class space    used 13499K, capacity 14663K, committed 14744K, reserved 1048576K
}
Event: 41.307 GC heap after
{Heap after GC invocations=86 (full 0):
 garbage-first heap   total 225280K, used 147506K [0x00000000a0000000, 0x0000000100000000)
  region size 1024K, 4 young (4096K), 4 survivors (4096K)
 Metaspace       used 106556K, capacity 109601K, committed 109820K, reserved 1144832K
  class space    used 13499K, capacity 14663K, committed 14744K, reserved 1048576K
}
Event: 41.458 GC heap before
{Heap before GC invocations=86 (full 0):
 garbage-first heap   total 225280K, used 153650K [0x00000000a0000000, 0x0000000100000000)
  region size 1024K, 11 young (11264K), 4 survivors (4096K)
 Metaspace       used 107822K, capacity 111038K, committed 111356K, reserved 1146880K
  class space    used 13697K, capacity 14895K, committed 15000K, reserved 1048576K
}
Event: 41.463 GC heap after
{Heap after GC invocations=87 (full 0):
 garbage-first heap   total 225280K, used 137687K [0x00000000a0000000, 0x0000000100000000)
  region size 1024K, 1 young (1024K), 1 survivors (1024K)
 Metaspace       used 107822K, capacity 111038K, committed 111356K, reserved 1146880K
  class space    used 13697K, capacity 14895K, committed 15000K, reserved 1048576K
}
Event: 41.682 GC heap before
{Heap before GC invocations=87 (full 0):
 garbage-first heap   total 225280K, used 167383K [0x00000000a0000000, 0x0000000100000000)
  region size 1024K, 31 young (31744K), 1 survivors (1024K)
 Metaspace       used 109620K, capacity 112979K, committed 113148K, reserved 1146880K
  class space    used 13959K, capacity 15214K, committed 15256K, reserved 1048576K
}
Event: 41.701 GC heap after
{Heap after GC invocations=88 (full 0):
 garbage-first heap   total 225280K, used 146316K [0x00000000a0000000, 0x0000000100000000)
  region size 1024K, 4 young (4096K), 4 survivors (4096K)
 Metaspace       used 109620K, capacity 112979K, committed 113148K, reserved 1146880K
  class space    used 13959K, capacity 15214K, committed 15256K, reserved 1048576K
}
Event: 42.283 GC heap before
{Heap before GC invocations=89 (full 0):
 garbage-first heap   total 225280K, used 170892K [0x00000000a0000000, 0x0000000100000000)
  region size 1024K, 31 young (31744K), 4 survivors (4096K)
 Metaspace       used 113289K, capacity 116990K, committed 117372K, reserved 1150976K
  class space    used 14577K, capacity 16020K, committed 16152K, reserved 1048576K
}

