# JRE version: OpenJDK Runtime Environment (11.0.15) (build 11.0.15+0-b2043.56-9505619)
# Java VM: OpenJDK 64-Bit Server VM (11.0.15+0-b2043.56-9505619, mixed mode, tiered, compressed oops, g1 gc, windows-amd64)
Heap:
 garbage-first heap   total 155648K, used 78002K [0x00000000a0000000, 0x0000000100000000)
  region size 1024K, 47 young (48128K), 7 survivors (7168K)
 Metaspace       used 52611K, capacity 54065K, committed 54300K, reserved 1095680K
  class space    used 6666K, capacity 7199K, committed 7320K, reserved 1048576K
GC Heap History (18 events):
Event: 0.806 GC heap before
{Heap before GC invocations=0 (full 0):
 garbage-first heap   total 129024K, used 29696K [0x00000000a0000000, 0x0000000100000000)
  region size 1024K, 24 young (24576K), 0 survivors (0K)
 Metaspace       used 9775K, capacity 9956K, committed 10112K, reserved 1058816K
  class space    used 992K, capacity 1069K, committed 1152K, reserved 1048576K
}
Event: 0.816 GC heap after
{Heap after GC invocations=1 (full 0):
 garbage-first heap   total 129024K, used 9571K [0x00000000a0000000, 0x0000000100000000)
  region size 1024K, 3 young (3072K), 3 survivors (3072K)
 Metaspace       used 9775K, capacity 9956K, committed 10112K, reserved 1058816K
  class space    used 992K, capacity 1069K, committed 1152K, reserved 1048576K
}
Event: 3.563 GC heap before
{Heap before GC invocations=1 (full 0):
 garbage-first heap   total 129024K, used 83299K [0x00000000a0000000, 0x0000000100000000)
  region size 1024K, 75 young (76800K), 3 survivors (3072K)
 Metaspace       used 17847K, capacity 18195K, committed 18432K, reserved 1064960K
  class space    used 2085K, capacity 2241K, committed 2304K, reserved 1048576K
}
Event: 3.576 GC heap after
{Heap after GC invocations=2 (full 0):
 garbage-first heap   total 129024K, used 16714K [0x00000000a0000000, 0x0000000100000000)
  region size 1024K, 10 young (10240K), 10 survivors (10240K)
 Metaspace       used 17847K, capacity 18195K, committed 18432K, reserved 1064960K
  class space    used 2085K, capacity 2241K, committed 2304K, reserved 1048576K
}
Event: 3.919 GC heap before
{Heap before GC invocations=2 (full 0):
 garbage-first heap   total 129024K, used 42314K [0x00000000a0000000, 0x0000000100000000)
  region size 1024K, 36 young (36864K), 10 survivors (10240K)
 Metaspace       used 20782K, capacity 21187K, committed 21296K, reserved 1069056K
  class space    used 2527K, capacity 2685K, committed 2688K, reserved 1048576K
}
Event: 3.933 GC heap after
{Heap after GC invocations=3 (full 0):
 garbage-first heap   total 129024K, used 17809K [0x00000000a0000000, 0x0000000100000000)
  region size 1024K, 2 young (2048K), 2 survivors (2048K)
 Metaspace       used 20782K, capacity 21187K, committed 21296K, reserved 1069056K
  class space    used 2527K, capacity 2685K, committed 2688K, reserved 1048576K
}
Event: 4.983 GC heap before
{Heap before GC invocations=4 (full 0):
 garbage-first heap   total 129024K, used 67985K [0x00000000a0000000, 0x0000000100000000)
  region size 1024K, 51 young (52224K), 2 survivors (2048K)
 Metaspace       used 26194K, capacity 26804K, committed 27004K, reserved 1073152K
  class space    used 3406K, capacity 3652K, committed 3788K, reserved 1048576K
}
Event: 4.988 GC heap after
{Heap after GC invocations=5 (full 0):
 garbage-first heap   total 129024K, used 19462K [0x00000000a0000000, 0x0000000100000000)
  region size 1024K, 3 young (3072K), 3 survivors (3072K)
 Metaspace       used 26194K, capacity 26804K, committed 27004K, reserved 1073152K
  class space    used 3406K, capacity 3652K, committed 3788K, reserved 1048576K
}
Event: 5.927 GC heap before
{Heap before GC invocations=5 (full 0):
 garbage-first heap   total 129024K, used 75782K [0x00000000a0000000, 0x0000000100000000)
  region size 1024K, 58 young (59392K), 3 survivors (3072K)
 Metaspace       used 31742K, capacity 32506K, committed 32764K, reserved 1077248K
  class space    used 4259K, capacity 4560K, committed 4684K, reserved 1048576K
}
Event: 5.933 GC heap after
{Heap after GC invocations=6 (full 0):
 garbage-first heap   total 129024K, used 21004K [0x00000000a0000000, 0x0000000100000000)
  region size 1024K, 5 young (5120K), 5 survivors (5120K)
 Metaspace       used 31742K, capacity 32506K, committed 32764K, reserved 1077248K
  class space    used 4259K, capacity 4560K, committed 4684K, reserved 1048576K
}
Event: 6.315 GC heap before
{Heap before GC invocations=6 (full 0):
 garbage-first heap   total 129024K, used 34316K [0x00000000a0000000, 0x0000000100000000)
  region size 1024K, 19 young (19456K), 5 survivors (5120K)
 Metaspace       used 35075K, capacity 35953K, committed 36048K, reserved 1081344K
  class space    used 4571K, capacity 4921K, committed 4940K, reserved 1048576K
}
Event: 6.326 GC heap after
{Heap after GC invocations=7 (full 0):
 garbage-first heap   total 129024K, used 23290K [0x00000000a0000000, 0x0000000100000000)
  region size 1024K, 6 young (6144K), 6 survivors (6144K)
 Metaspace       used 35075K, capacity 35953K, committed 36048K, reserved 1081344K
  class space    used 4571K, capacity 4921K, committed 4940K, reserved 1048576K
}
Event: 7.126 GC heap before
{Heap before GC invocations=8 (full 0):
 garbage-first heap   total 129024K, used 85754K [0x00000000a0000000, 0x0000000100000000)
  region size 1024K, 64 young (65536K), 6 survivors (6144K)
 Metaspace       used 40650K, capacity 41678K, committed 41884K, reserved 1085440K
  class space    used 5135K, capacity 5521K, committed 5656K, reserved 1048576K
}
Event: 7.146 GC heap after
{Heap after GC invocations=9 (full 0):
 garbage-first heap   total 129024K, used 28134K [0x00000000a0000000, 0x0000000100000000)
  region size 1024K, 8 young (8192K), 8 survivors (8192K)
 Metaspace       used 40650K, capacity 41678K, committed 41884K, reserved 1085440K
  class space    used 5135K, capacity 5521K, committed 5656K, reserved 1048576K
}
Event: 8.301 GC heap before
{Heap before GC invocations=10 (full 0):
 garbage-first heap   total 129024K, used 87526K [0x00000000a0000000, 0x0000000100000000)
  region size 1024K, 66 young (67584K), 8 survivors (8192K)
 Metaspace       used 45589K, capacity 46774K, committed 47132K, reserved 1089536K
  class space    used 5784K, capacity 6185K, committed 6296K, reserved 1048576K
}
Event: 8.318 GC heap after
{Heap after GC invocations=11 (full 0):
 garbage-first heap   total 155648K, used 31467K [0x00000000a0000000, 0x0000000100000000)
  region size 1024K, 4 young (4096K), 4 survivors (4096K)
 Metaspace       used 45589K, capacity 46774K, committed 47132K, reserved 1089536K
  class space    used 5784K, capacity 6185K, committed 6296K, reserved 1048576K
}
Event: 10.147 GC heap before
{Heap before GC invocations=11 (full 0):
 garbage-first heap   total 155648K, used 100075K [0x00000000a0000000, 0x0000000100000000)
  region size 1024K, 71 young (72704K), 4 survivors (4096K)
 Metaspace       used 49316K, capacity 50709K, committed 50972K, reserved 1093632K
  class space    used 6253K, capacity 6710K, committed 6808K, reserved 1048576K
}
Event: 10.155 GC heap after
{Heap after GC invocations=12 (full 0):
 garbage-first heap   total 155648K, used 34994K [0x00000000a0000000, 0x0000000100000000)
  region size 1024K, 7 young (7168K), 7 survivors (7168K)
 Metaspace       used 49316K, capacity 50709K, committed 50972K, reserved 1093632K
  class space    used 6253K, capacity 6710K, committed 6808K, reserved 1048576K
}

